2025-06-14 23:33:15,914 - INFO - 🚀 BTC Scalping Bot v2.0 - CORRECTED VERSION starting...
2025-06-14 23:33:15,914 - INFO - ✅ BTC Data Collector initialized for BTCUSD
2025-06-14 23:33:15,914 - INFO - ✅ BTC Scalping Logic initialized - FINAL CORRECTED VERSION
2025-06-14 23:33:15,914 - INFO -    Target: €8.0 | Stop: €4.0
2025-06-14 23:33:15,914 - INFO -    Starting balance: €20.0
2025-06-14 23:33:15,914 - INFO - 🎮 BTC Executor in enhanced simulation mode (long + short)
2025-06-14 23:33:15,914 - INFO - Created new challenge CSV: btc_scalping_challenge.csv
2025-06-14 23:33:15,914 - INFO - ✅ BTC Trade Logger initialized - Challenge tracking active
2025-06-14 23:33:15,914 - INFO - ✅ BTC ML interface initialized
2025-06-14 23:33:15,914 - INFO - 🤖 ML interface connected - bot will now learn from trades
2025-06-14 23:33:15,914 - INFO - 🚀 Starting BTC tick data feed...
2025-06-14 23:33:15,914 - INFO - 🎮 Starting BTC simulation for scalping...
2025-06-14 23:33:15,915 - INFO - 🎮 BTC scalping simulation started at $43,000.00
2025-06-14 23:33:17,999 - INFO - ✅ Simulated SHORT ENTRY: SELL 0.000186 BTC @ $43,053.55 ($-2.49)
2025-06-14 23:33:17,999 - INFO - ✅ Position opened: SHORT 0.000186 BTC @ €43053.55 (€8.01)
2025-06-14 23:33:18,000 - INFO - ₿ TRADE [ENTRY]: SELL 0.000186 BTC @ €43,053.55 (€8.01)
2025-06-14 23:33:37,966 - INFO - ✅ Simulated LONG ENTRY: BUY 0.000186 BTC @ $43,101.26 ($+0.55)
2025-06-14 23:33:37,967 - INFO - Position closed: SHORT 0.000186 BTC @ $43,101.26
2025-06-14 23:33:37,967 - INFO - 💰 Position closed: -0.01€ | Balance: €19.99 | ML: 1 learned
2025-06-14 23:33:37,968 - INFO - ₿ TRADE [EXIT]: BUY 0.000186 BTC @ €43,101.26 (€8.02) | P&L: €-0.02
2025-06-14 23:33:37,968 - INFO - 💰 Balance: €19.98 | Level: 0 | Target: €20
2025-06-14 23:33:41,057 - INFO - ✅ Simulated LONG ENTRY: BUY 0.000186 BTC @ $43,065.35 ($+1.56)
2025-06-14 23:33:41,057 - INFO - ✅ Position opened: LONG 0.000186 BTC @ €43065.35 (€8.01)
2025-06-14 23:33:41,058 - INFO - ₿ TRADE [ENTRY]: BUY 0.000186 BTC @ €43,065.35 (€8.01)
2025-06-14 23:34:01,183 - INFO - ✅ Simulated SHORT ENTRY: SELL 0.000186 BTC @ $43,190.80 ($-0.60)
2025-06-14 23:34:01,184 - INFO - Position closed: LONG 0.000186 BTC @ $43,190.80
2025-06-14 23:34:01,184 - INFO - 💰 Position closed: +0.02€ | Balance: €20.01 | ML: 2 learned
2025-06-14 23:34:01,185 - INFO - ₿ TRADE [EXIT]: SELL 0.000186 BTC @ €43,190.80 (€8.03) | P&L: €+0.02
2025-06-14 23:34:01,185 - INFO - 💰 Balance: €20.00 | Level: 0 | Target: €20
2025-06-14 23:34:04,350 - INFO - ✅ Simulated LONG ENTRY: BUY 0.000186 BTC @ $43,094.81 ($+1.61)
2025-06-14 23:34:04,350 - INFO - ✅ Position opened: LONG 0.000186 BTC @ €43094.81 (€8.02)
2025-06-14 23:34:04,350 - INFO - ₿ TRADE [ENTRY]: BUY 0.000186 BTC @ €43,094.81 (€8.02)
2025-06-14 23:34:24,406 - INFO - ✅ Simulated SHORT ENTRY: SELL 0.000186 BTC @ $43,166.92 ($-1.40)
2025-06-14 23:34:24,407 - INFO - Position closed: LONG 0.000186 BTC @ $43,166.92
2025-06-14 23:34:24,408 - INFO - 💰 Position closed: +0.01€ | Balance: €20.01 | ML: 3 learned
2025-06-14 23:34:24,409 - INFO - ₿ TRADE [EXIT]: SELL 0.000186 BTC @ €43,166.92 (€8.03) | P&L: €+0.01
2025-06-14 23:34:24,409 - INFO - 💰 Balance: €20.00 | Level: 1 | Target: €40
2025-06-14 23:34:27,505 - INFO - ✅ Simulated SHORT ENTRY: SELL 0.000186 BTC @ $43,200.80 ($-1.91)
2025-06-14 23:34:27,505 - INFO - ✅ Position opened: SHORT 0.000186 BTC @ €43200.80 (€8.04)
2025-06-14 23:34:27,506 - INFO - ₿ TRADE [ENTRY]: SELL 0.000186 BTC @ €43,200.80 (€8.04)
2025-06-14 23:34:47,531 - INFO - ✅ Simulated LONG ENTRY: BUY 0.000186 BTC @ $43,170.05 ($+1.72)
2025-06-14 23:34:47,531 - INFO - Position closed: SHORT 0.000186 BTC @ $43,170.05
2025-06-14 23:34:47,532 - INFO - 💰 Position closed: +0.01€ | Balance: €20.01 | ML: 4 learned
2025-06-14 23:34:47,532 - INFO - ₿ TRADE [EXIT]: BUY 0.000186 BTC @ €43,170.05 (€8.03) | P&L: €-0.00
2025-06-14 23:34:47,532 - INFO - 💰 Balance: €20.00 | Level: 1 | Target: €40
2025-06-14 23:34:50,672 - INFO - ✅ Simulated LONG ENTRY: BUY 0.000186 BTC @ $43,154.08 ($+0.67)
2025-06-14 23:34:50,672 - INFO - ✅ Position opened: LONG 0.000186 BTC @ €43154.08 (€8.03)
2025-06-14 23:34:50,673 - INFO - ₿ TRADE [ENTRY]: BUY 0.000186 BTC @ €43,154.08 (€8.03)
2025-06-14 23:35:10,782 - INFO - ✅ Simulated SHORT ENTRY: SELL 0.000186 BTC @ $43,018.33 ($-0.91)
2025-06-14 23:35:10,783 - INFO - Position closed: LONG 0.000186 BTC @ $43,018.33
2025-06-14 23:35:10,783 - INFO - 💰 Position closed: -0.03€ | Balance: €19.98 | ML: 5 learned
2025-06-14 23:35:10,783 - INFO - ₿ TRADE [EXIT]: SELL 0.000186 BTC @ €43,018.33 (€8.00) | P&L: €-0.03
2025-06-14 23:35:10,783 - INFO - 💰 Balance: €19.97 | Level: 0 | Target: €20
2025-06-14 23:35:14,350 - INFO - ✅ Simulated LONG ENTRY: BUY 0.000186 BTC @ $42,982.64 ($+0.91)
2025-06-14 23:35:14,351 - INFO - ✅ Position opened: LONG 0.000186 BTC @ €42982.64 (€7.99)
2025-06-14 23:35:14,351 - INFO - ₿ TRADE [ENTRY]: BUY 0.000186 BTC @ €42,982.64 (€7.99)
2025-06-14 23:35:34,449 - INFO - ✅ Simulated SHORT ENTRY: SELL 0.000186 BTC @ $43,060.60 ($-1.09)
2025-06-14 23:35:34,450 - INFO - Position closed: LONG 0.000186 BTC @ $43,060.60
2025-06-14 23:35:34,450 - INFO - 💰 Position closed: +0.01€ | Balance: €19.98 | ML: 6 learned
2025-06-14 23:35:34,451 - INFO - ₿ TRADE [EXIT]: SELL 0.000186 BTC @ €43,060.60 (€8.01) | P&L: €+0.01
2025-06-14 23:35:34,451 - INFO - 💰 Balance: €19.98 | Level: 0 | Target: €20
2025-06-14 23:35:37,762 - INFO - ✅ Simulated SHORT ENTRY: SELL 0.000186 BTC @ $43,109.75 ($-2.14)
2025-06-14 23:35:37,763 - INFO - ✅ Position opened: SHORT 0.000186 BTC @ €43109.75 (€8.02)
2025-06-14 23:35:37,763 - INFO - ₿ TRADE [ENTRY]: SELL 0.000186 BTC @ €43,109.75 (€8.02)
2025-06-14 23:35:57,813 - INFO - ✅ Simulated LONG ENTRY: BUY 0.000186 BTC @ $43,076.78 ($+0.96)
2025-06-14 23:35:57,814 - INFO - Position closed: SHORT 0.000186 BTC @ $43,076.78
2025-06-14 23:35:57,814 - INFO - 💰 Position closed: +0.01€ | Balance: €19.98 | ML: 7 learned
2025-06-14 23:35:57,815 - INFO - ₿ TRADE [EXIT]: BUY 0.000186 BTC @ €43,076.78 (€8.01) | P&L: €-0.00
2025-06-14 23:35:57,815 - INFO - 💰 Balance: €19.97 | Level: 0 | Target: €20
2025-06-14 23:36:02,063 - INFO - ✅ Simulated LONG ENTRY: BUY 0.000186 BTC @ $43,077.46 ($+0.56)
2025-06-14 23:36:02,064 - INFO - ✅ Position opened: LONG 0.000186 BTC @ €43077.46 (€8.01)
2025-06-14 23:36:02,064 - INFO - ₿ TRADE [ENTRY]: BUY 0.000186 BTC @ €43,077.46 (€8.01)
2025-06-14 23:36:21,979 - INFO - ✅ Simulated SHORT ENTRY: SELL 0.000186 BTC @ $43,084.89 ($-1.15)
2025-06-14 23:36:21,980 - INFO - Position closed: LONG 0.000186 BTC @ $43,084.89
2025-06-14 23:36:21,980 - INFO - 💰 Position closed: +0.00€ | Balance: €19.98 | ML: 8 learned
2025-06-14 23:36:21,981 - INFO - ₿ TRADE [EXIT]: SELL 0.000186 BTC @ €43,084.89 (€8.01) | P&L: €-0.01
2025-06-14 23:36:21,981 - INFO - 💰 Balance: €19.97 | Level: 0 | Target: €20
2025-06-14 23:36:25,167 - INFO - ✅ Simulated LONG ENTRY: BUY 0.000186 BTC @ $43,046.97 ($+1.19)
2025-06-14 23:36:25,167 - INFO - ✅ Position opened: LONG 0.000186 BTC @ €43046.97 (€8.01)
2025-06-14 23:36:25,168 - INFO - ₿ TRADE [ENTRY]: BUY 0.000186 BTC @ €43,046.97 (€8.01)
2025-06-14 23:36:45,150 - INFO - ✅ Simulated SHORT ENTRY: SELL 0.000186 BTC @ $43,102.72 ($-0.58)
2025-06-14 23:36:45,151 - INFO - Position closed: LONG 0.000186 BTC @ $43,102.72
2025-06-14 23:36:45,152 - INFO - 💰 Position closed: +0.01€ | Balance: €19.98 | ML: 9 learned
2025-06-14 23:36:45,152 - INFO - ₿ TRADE [EXIT]: SELL 0.000186 BTC @ €43,102.72 (€8.02) | P&L: €+0.00
2025-06-14 23:36:45,153 - INFO - 💰 Balance: €19.97 | Level: 0 | Target: €20
2025-06-14 23:36:48,373 - INFO - ✅ Simulated LONG ENTRY: BUY 0.000186 BTC @ $43,162.27 ($+1.22)
2025-06-14 23:36:48,374 - INFO - ✅ Position opened: LONG 0.000186 BTC @ €43162.27 (€8.03)
2025-06-14 23:36:48,374 - INFO - ₿ TRADE [ENTRY]: BUY 0.000186 BTC @ €43,162.27 (€8.03)
2025-06-14 23:37:08,284 - INFO - ✅ Simulated SHORT ENTRY: SELL 0.000186 BTC @ $43,159.54 ($-1.32)
2025-06-14 23:37:08,285 - INFO - Position closed: LONG 0.000186 BTC @ $43,159.54
2025-06-14 23:37:08,285 - INFO - 💰 Position closed: -0.00€ | Balance: €19.97 | ML: 10 learned
2025-06-14 23:37:08,286 - INFO - ₿ TRADE [EXIT]: SELL 0.000186 BTC @ €43,159.54 (€8.03) | P&L: €-0.01
2025-06-14 23:37:08,287 - INFO - 💰 Balance: €19.96 | Level: 0 | Target: €20
2025-06-14 23:37:11,578 - INFO - ✅ Simulated LONG ENTRY: BUY 0.000186 BTC @ $43,088.11 ($+1.51)
2025-06-14 23:37:11,579 - INFO - ✅ Position opened: LONG 0.000186 BTC @ €43088.11 (€8.01)
2025-06-14 23:37:11,580 - INFO - ₿ TRADE [ENTRY]: BUY 0.000186 BTC @ €43,088.11 (€8.01)
2025-06-14 23:37:31,483 - INFO - ✅ Simulated SHORT ENTRY: SELL 0.000186 BTC @ $42,908.67 ($-2.00)
2025-06-14 23:37:31,484 - INFO - Position closed: LONG 0.000186 BTC @ $42,908.67
2025-06-14 23:37:31,484 - INFO - 💰 Position closed: -0.03€ | Balance: €19.93 | ML: 11 learned
2025-06-14 23:37:31,485 - INFO - ₿ TRADE [EXIT]: SELL 0.000186 BTC @ €42,908.67 (€7.98) | P&L: €-0.04
2025-06-14 23:37:31,485 - INFO - 💰 Balance: €19.92 | Level: 0 | Target: €20
2025-06-14 23:37:34,582 - INFO - ✅ Simulated SHORT ENTRY: SELL 0.000186 BTC @ $42,870.15 ($-0.71)
2025-06-14 23:37:34,583 - INFO - ✅ Position opened: SHORT 0.000186 BTC @ €42870.15 (€7.97)
2025-06-14 23:37:34,584 - INFO - ₿ TRADE [ENTRY]: SELL 0.000186 BTC @ €42,870.15 (€7.97)
2025-06-14 23:37:54,688 - INFO - 🎮 Simulated order rejection
2025-06-14 23:37:54,794 - WARNING - Order too frequent: 0.1s
2025-06-14 23:37:54,899 - WARNING - Order too frequent: 0.2s
2025-06-14 23:37:55,001 - WARNING - Order too frequent: 0.3s
2025-06-14 23:37:55,104 - WARNING - Order too frequent: 0.4s
2025-06-14 23:37:55,210 - WARNING - Order too frequent: 0.5s
2025-06-14 23:37:55,316 - WARNING - Order too frequent: 0.6s
2025-06-14 23:37:55,418 - WARNING - Order too frequent: 0.7s
2025-06-14 23:37:55,524 - WARNING - Order too frequent: 0.8s
2025-06-14 23:37:55,628 - WARNING - Order too frequent: 0.9s
2025-06-14 23:37:55,910 - INFO - ✅ Simulated LONG ENTRY: BUY 0.000186 BTC @ $42,808.18 ($+1.47)
2025-06-14 23:37:55,910 - INFO - Position closed: SHORT 0.000186 BTC @ $42,808.18
2025-06-14 23:37:55,911 - INFO - 💰 Position closed: +0.01€ | Balance: €19.93 | ML: 12 learned
2025-06-14 23:37:55,912 - INFO - ₿ TRADE [EXIT]: BUY 0.000186 BTC @ €42,808.18 (€7.96) | P&L: €+0.00
2025-06-14 23:37:55,912 - INFO - 💰 Balance: €19.92 | Level: 0 | Target: €20
2025-06-14 23:37:59,116 - INFO - ✅ Simulated SHORT ENTRY: SELL 0.000186 BTC @ $42,801.24 ($-1.46)
2025-06-14 23:37:59,116 - INFO - ✅ Position opened: SHORT 0.000186 BTC @ €42801.24 (€7.96)
2025-06-14 23:37:59,117 - INFO - ₿ TRADE [ENTRY]: SELL 0.000186 BTC @ €42,801.24 (€7.96)
2025-06-14 23:38:19,265 - INFO - ✅ Simulated LONG ENTRY: BUY 0.000186 BTC @ $42,689.89 ($+1.79)
2025-06-14 23:38:19,266 - INFO - Position closed: SHORT 0.000186 BTC @ $42,689.89
2025-06-14 23:38:19,266 - INFO - 💰 Position closed: +0.02€ | Balance: €19.95 | ML: 13 learned
2025-06-14 23:38:19,267 - INFO - ₿ TRADE [EXIT]: BUY 0.000186 BTC @ €42,689.89 (€7.94) | P&L: €+0.01
2025-06-14 23:38:19,267 - INFO - 💰 Balance: €19.94 | Level: 0 | Target: €20
2025-06-14 23:38:22,615 - INFO - ✅ Simulated SHORT ENTRY: SELL 0.000186 BTC @ $42,640.18 ($-2.02)
2025-06-14 23:38:22,615 - INFO - ✅ Position opened: SHORT 0.000186 BTC @ €42640.18 (€7.93)
2025-06-14 23:38:22,616 - INFO - ₿ TRADE [ENTRY]: SELL 0.000186 BTC @ €42,640.18 (€7.93)
2025-06-14 23:38:42,603 - INFO - ✅ Simulated LONG ENTRY: BUY 0.000186 BTC @ $42,587.62 ($+0.88)
2025-06-14 23:38:42,604 - INFO - Position closed: SHORT 0.000186 BTC @ $42,587.62
2025-06-14 23:38:42,604 - INFO - 💰 Position closed: +0.01€ | Balance: €19.95 | ML: 14 learned
2025-06-14 23:38:42,605 - INFO - ₿ TRADE [EXIT]: BUY 0.000186 BTC @ €42,587.62 (€7.92) | P&L: €+0.00
2025-06-14 23:38:42,605 - INFO - 💰 Balance: €19.94 | Level: 0 | Target: €20
2025-06-14 23:38:45,747 - INFO - ✅ Simulated SHORT ENTRY: SELL 0.000186 BTC @ $42,623.09 ($-0.86)
2025-06-14 23:38:45,748 - INFO - ✅ Position opened: SHORT 0.000186 BTC @ €42623.09 (€7.93)
2025-06-14 23:38:45,749 - INFO - ₿ TRADE [ENTRY]: SELL 0.000186 BTC @ €42,623.09 (€7.93)
2025-06-14 23:39:05,801 - INFO - ✅ Simulated LONG ENTRY: BUY 0.000186 BTC @ $42,709.56 ($+1.78)
2025-06-14 23:39:05,802 - INFO - Position closed: SHORT 0.000186 BTC @ $42,709.56
2025-06-14 23:39:05,802 - INFO - 💰 Position closed: -0.02€ | Balance: €19.92 | ML: 15 learned
2025-06-14 23:39:05,803 - INFO - ₿ TRADE [EXIT]: BUY 0.000186 BTC @ €42,709.56 (€7.94) | P&L: €-0.02
2025-06-14 23:39:05,803 - INFO - 💰 Balance: €19.92 | Level: 0 | Target: €20
2025-06-14 23:39:08,987 - INFO - ✅ Simulated SHORT ENTRY: SELL 0.000186 BTC @ $42,809.43 ($-2.16)
2025-06-14 23:39:08,988 - INFO - ✅ Position opened: SHORT 0.000186 BTC @ €42809.43 (€7.96)
2025-06-14 23:39:08,988 - INFO - ₿ TRADE [ENTRY]: SELL 0.000186 BTC @ €42,809.43 (€7.96)
2025-06-14 23:39:17,381 - ERROR - BTC ML training error: ufunc 'isnan' not supported for the input types, and the inputs could not be safely coerced to any supported types according to the casting rule ''safe''
2025-06-14 23:39:17,381 - WARNING - ⚠️ BTC ML retraining failed
2025-06-14 23:39:17,381 - INFO - 🤖 ML model auto-retrained
2025-06-14 23:39:29,032 - INFO - ✅ Simulated LONG ENTRY: BUY 0.000186 BTC @ $42,666.76 ($+1.73)
2025-06-14 23:39:29,032 - INFO - Position closed: SHORT 0.000186 BTC @ $42,666.76
2025-06-14 23:39:29,032 - INFO - 💰 Position closed: +0.03€ | Balance: €19.94 | ML: 16 learned
2025-06-14 23:39:29,033 - INFO - ₿ TRADE [EXIT]: BUY 0.000186 BTC @ €42,666.76 (€7.94) | P&L: €+0.02
2025-06-14 23:39:29,033 - INFO - 💰 Balance: €19.94 | Level: 0 | Target: €20
2025-06-14 23:39:32,264 - INFO - ✅ Simulated LONG ENTRY: BUY 0.000186 BTC @ $42,533.24 ($+1.28)
2025-06-14 23:39:32,265 - INFO - ✅ Position opened: LONG 0.000186 BTC @ €42533.24 (€7.91)
2025-06-14 23:39:32,266 - INFO - ₿ TRADE [ENTRY]: BUY 0.000186 BTC @ €42,533.24 (€7.91)
2025-06-14 23:39:52,256 - INFO - ✅ Simulated SHORT ENTRY: SELL 0.000186 BTC @ $42,550.35 ($-0.61)
2025-06-14 23:39:52,257 - INFO - Position closed: LONG 0.000186 BTC @ $42,550.35
2025-06-14 23:39:52,257 - INFO - 💰 Position closed: +0.00€ | Balance: €19.94 | ML: 17 learned
2025-06-14 23:39:52,258 - INFO - ₿ TRADE [EXIT]: SELL 0.000186 BTC @ €42,550.35 (€7.91) | P&L: €-0.00
2025-06-14 23:39:52,258 - INFO - 💰 Balance: €19.93 | Level: 0 | Target: €20
2025-06-14 23:39:55,409 - INFO - ✅ Simulated SHORT ENTRY: SELL 0.000186 BTC @ $42,537.58 ($-0.68)
2025-06-14 23:39:55,409 - INFO - ✅ Position opened: SHORT 0.000186 BTC @ €42537.58 (€7.91)
2025-06-14 23:39:55,410 - INFO - ₿ TRADE [ENTRY]: SELL 0.000186 BTC @ €42,537.58 (€7.91)
2025-06-14 23:40:15,480 - INFO - ✅ Simulated LONG ENTRY: BUY 0.000186 BTC @ $42,602.00 ($+1.51)
2025-06-14 23:40:15,481 - INFO - Position closed: SHORT 0.000186 BTC @ $42,602.00
2025-06-14 23:40:15,481 - INFO - 💰 Position closed: -0.01€ | Balance: €19.92 | ML: 18 learned
2025-06-14 23:40:15,482 - INFO - ₿ TRADE [EXIT]: BUY 0.000186 BTC @ €42,602.00 (€7.92) | P&L: €-0.02
2025-06-14 23:40:15,482 - INFO - 💰 Balance: €19.91 | Level: 0 | Target: €20
2025-06-14 23:40:18,658 - INFO - ✅ Simulated SHORT ENTRY: SELL 0.000186 BTC @ $42,562.25 ($-1.11)
2025-06-14 23:40:18,658 - INFO - ✅ Position opened: SHORT 0.000186 BTC @ €42562.25 (€7.92)
2025-06-14 23:40:18,659 - INFO - ₿ TRADE [ENTRY]: SELL 0.000186 BTC @ €42,562.25 (€7.92)
2025-06-14 23:40:38,724 - INFO - ✅ Simulated LONG ENTRY: BUY 0.000186 BTC @ $42,392.12 ($+1.92)
2025-06-14 23:40:38,725 - INFO - Position closed: SHORT 0.000186 BTC @ $42,392.12
2025-06-14 23:40:38,725 - INFO - 💰 Position closed: +0.03€ | Balance: €19.94 | ML: 19 learned
2025-06-14 23:40:38,726 - INFO - ₿ TRADE [EXIT]: BUY 0.000186 BTC @ €42,392.12 (€7.88) | P&L: €+0.02
2025-06-14 23:40:38,726 - INFO - 💰 Balance: €19.94 | Level: 0 | Target: €20
2025-06-14 23:40:41,919 - INFO - ✅ Simulated LONG ENTRY: BUY 0.000186 BTC @ $42,362.83 ($+1.51)
2025-06-14 23:40:41,919 - INFO - ✅ Position opened: LONG 0.000186 BTC @ €42362.83 (€7.88)
2025-06-14 23:40:41,920 - INFO - ₿ TRADE [ENTRY]: BUY 0.000186 BTC @ €42,362.83 (€7.88)
2025-06-14 23:41:02,037 - INFO - ✅ Simulated SHORT ENTRY: SELL 0.000186 BTC @ $42,593.82 ($-1.20)
2025-06-14 23:41:02,038 - INFO - Position closed: LONG 0.000186 BTC @ $42,593.82
2025-06-14 23:41:02,038 - INFO - 💰 Position closed: +0.04€ | Balance: €19.98 | ML: 20 learned
2025-06-14 23:41:02,039 - INFO - ₿ TRADE [EXIT]: SELL 0.000186 BTC @ €42,593.82 (€7.92) | P&L: €+0.04
2025-06-14 23:41:02,039 - INFO - 💰 Balance: €19.97 | Level: 0 | Target: €20
2025-06-14 23:41:05,446 - INFO - ✅ Simulated LONG ENTRY: BUY 0.000186 BTC @ $42,598.26 ($+0.84)
2025-06-14 23:41:05,446 - INFO - ✅ Position opened: LONG 0.000186 BTC @ €42598.26 (€7.92)
2025-06-14 23:41:05,447 - INFO - ₿ TRADE [ENTRY]: BUY 0.000186 BTC @ €42,598.26 (€7.92)
2025-06-14 23:41:25,360 - INFO - ✅ Simulated SHORT ENTRY: SELL 0.000186 BTC @ $42,286.83 ($-0.88)
2025-06-14 23:41:25,361 - INFO - Position closed: LONG 0.000186 BTC @ $42,286.83
2025-06-14 23:41:25,361 - INFO - 💰 Position closed: -0.06€ | Balance: €19.91 | ML: 21 learned
2025-06-14 23:41:25,362 - INFO - ₿ TRADE [EXIT]: SELL 0.000186 BTC @ €42,286.83 (€7.87) | P&L: €-0.07
2025-06-14 23:41:25,362 - INFO - 💰 Balance: €19.90 | Level: 0 | Target: €20
2025-06-14 23:41:28,551 - INFO - ✅ Simulated SHORT ENTRY: SELL 0.000186 BTC @ $42,374.12 ($-1.94)
2025-06-14 23:41:28,551 - INFO - ✅ Position opened: SHORT 0.000186 BTC @ €42374.12 (€7.88)
2025-06-14 23:41:28,552 - INFO - ₿ TRADE [ENTRY]: SELL 0.000186 BTC @ €42,374.12 (€7.88)
2025-06-14 23:41:48,579 - INFO - ✅ Simulated LONG ENTRY: BUY 0.000186 BTC @ $42,581.28 ($+1.33)
2025-06-14 23:41:48,580 - INFO - Position closed: SHORT 0.000186 BTC @ $42,581.28
2025-06-14 23:41:48,580 - INFO - 💰 Position closed: -0.04€ | Balance: €19.87 | ML: 22 learned
2025-06-14 23:41:48,581 - INFO - ₿ TRADE [EXIT]: BUY 0.000186 BTC @ €42,581.28 (€7.92) | P&L: €-0.05
2025-06-14 23:41:48,581 - INFO - 💰 Balance: €19.86 | Level: 0 | Target: €20
2025-06-14 23:41:51,870 - INFO - ✅ Simulated LONG ENTRY: BUY 0.000186 BTC @ $42,534.06 ($+0.96)
2025-06-14 23:41:51,870 - INFO - ✅ Position opened: LONG 0.000186 BTC @ €42534.06 (€7.91)
2025-06-14 23:41:51,871 - INFO - ₿ TRADE [ENTRY]: BUY 0.000186 BTC @ €42,534.06 (€7.91)
2025-06-14 23:42:11,925 - INFO - ✅ Simulated SHORT ENTRY: SELL 0.000186 BTC @ $42,605.79 ($-1.12)
2025-06-14 23:42:11,926 - INFO - Position closed: LONG 0.000186 BTC @ $42,605.79
2025-06-14 23:42:11,927 - INFO - 💰 Position closed: +0.01€ | Balance: €19.87 | ML: 23 learned
2025-06-14 23:42:11,928 - INFO - ₿ TRADE [EXIT]: SELL 0.000186 BTC @ €42,605.79 (€7.92) | P&L: €+0.01
2025-06-14 23:42:11,928 - INFO - 💰 Balance: €19.86 | Level: 0 | Target: €20
2025-06-14 23:42:15,238 - INFO - ✅ Simulated SHORT ENTRY: SELL 0.000186 BTC @ $42,516.02 ($-1.73)
2025-06-14 23:42:15,238 - INFO - ✅ Position opened: SHORT 0.000186 BTC @ €42516.02 (€7.91)
2025-06-14 23:42:15,239 - INFO - ₿ TRADE [ENTRY]: SELL 0.000186 BTC @ €42,516.02 (€7.91)
2025-06-14 23:42:35,225 - INFO - ✅ Simulated LONG ENTRY: BUY 0.000186 BTC @ $42,472.15 ($+0.99)
2025-06-14 23:42:35,226 - INFO - Position closed: SHORT 0.000186 BTC @ $42,472.15
2025-06-14 23:42:35,226 - INFO - 💰 Position closed: +0.01€ | Balance: €19.87 | ML: 24 learned
2025-06-14 23:42:35,227 - INFO - ₿ TRADE [EXIT]: BUY 0.000186 BTC @ €42,472.15 (€7.90) | P&L: €+0.00
2025-06-14 23:42:35,227 - INFO - 💰 Balance: €19.86 | Level: 0 | Target: €20
2025-06-14 23:42:39,078 - INFO - ✅ Simulated LONG ENTRY: BUY 0.000186 BTC @ $42,439.17 ($+2.04)
2025-06-14 23:42:39,078 - INFO - ✅ Position opened: LONG 0.000186 BTC @ €42439.17 (€7.89)
2025-06-14 23:42:39,079 - INFO - ₿ TRADE [ENTRY]: BUY 0.000186 BTC @ €42,439.17 (€7.89)
2025-06-14 23:42:59,069 - INFO - ✅ Simulated SHORT ENTRY: SELL 0.000186 BTC @ $42,215.96 ($-0.81)
2025-06-14 23:42:59,069 - INFO - Position closed: LONG 0.000186 BTC @ $42,215.96
2025-06-14 23:42:59,070 - INFO - 💰 Position closed: -0.04€ | Balance: €19.82 | ML: 25 learned
2025-06-14 23:42:59,070 - INFO - ₿ TRADE [EXIT]: SELL 0.000186 BTC @ €42,215.96 (€7.85) | P&L: €-0.05
2025-06-14 23:42:59,070 - INFO - 💰 Balance: €19.82 | Level: 0 | Target: €20
2025-06-14 23:43:02,270 - INFO - ✅ Simulated SHORT ENTRY: SELL 0.000186 BTC @ $42,154.28 ($-1.12)
2025-06-14 23:43:02,271 - INFO - ✅ Position opened: SHORT 0.000186 BTC @ €42154.28 (€7.84)
2025-06-14 23:43:02,272 - INFO - ₿ TRADE [ENTRY]: SELL 0.000186 BTC @ €42,154.28 (€7.84)
2025-06-14 23:43:22,313 - INFO - ✅ Simulated LONG ENTRY: BUY 0.000186 BTC @ $41,887.00 ($+1.67)
2025-06-14 23:43:22,314 - INFO - Position closed: SHORT 0.000186 BTC @ $41,887.00
2025-06-14 23:43:22,314 - INFO - 💰 Position closed: +0.05€ | Balance: €19.87 | ML: 26 learned
2025-06-14 23:43:22,316 - INFO - ₿ TRADE [EXIT]: BUY 0.000186 BTC @ €41,887.00 (€7.79) | P&L: €+0.04
2025-06-14 23:43:22,316 - INFO - 💰 Balance: €19.86 | Level: 0 | Target: €20
2025-06-14 23:43:25,566 - INFO - 🎮 Simulated order rejection
2025-06-14 23:43:26,440 - WARNING - Order too frequent: 0.9s
2025-06-14 23:43:27,589 - INFO - ✅ Simulated SHORT ENTRY: SELL 0.000186 BTC @ $41,982.68 ($-1.10)
2025-06-14 23:43:27,590 - INFO - ✅ Position opened: SHORT 0.000186 BTC @ €41982.68 (€7.81)
2025-06-14 23:43:27,591 - INFO - ₿ TRADE [ENTRY]: SELL 0.000186 BTC @ €41,982.68 (€7.81)
2025-06-14 23:43:47,669 - INFO - ✅ Simulated LONG ENTRY: BUY 0.000186 BTC @ $42,219.89 ($+0.88)
2025-06-14 23:43:47,670 - INFO - Position closed: SHORT 0.000186 BTC @ $42,219.89
2025-06-14 23:43:47,671 - INFO - 💰 Position closed: -0.04€ | Balance: €19.81 | ML: 27 learned
2025-06-14 23:43:47,671 - INFO - ₿ TRADE [EXIT]: BUY 0.000186 BTC @ €42,219.89 (€7.85) | P&L: €-0.05
2025-06-14 23:43:47,671 - INFO - 💰 Balance: €19.81 | Level: 0 | Target: €20
2025-06-14 23:43:50,821 - INFO - ✅ Simulated LONG ENTRY: BUY 0.000186 BTC @ $42,115.94 ($+1.31)
2025-06-14 23:43:50,821 - INFO - ✅ Position opened: LONG 0.000186 BTC @ €42115.94 (€7.83)
2025-06-14 23:43:50,822 - INFO - ₿ TRADE [ENTRY]: BUY 0.000186 BTC @ €42,115.94 (€7.83)
2025-06-14 23:44:10,936 - INFO - ✅ Simulated SHORT ENTRY: SELL 0.000186 BTC @ $42,061.15 ($-2.46)
2025-06-14 23:44:10,937 - INFO - Position closed: LONG 0.000186 BTC @ $42,061.15
2025-06-14 23:44:10,937 - INFO - 💰 Position closed: -0.01€ | Balance: €19.80 | ML: 28 learned
2025-06-14 23:44:10,937 - INFO - ₿ TRADE [EXIT]: SELL 0.000186 BTC @ €42,061.15 (€7.82) | P&L: €-0.02
2025-06-14 23:44:10,938 - INFO - 💰 Balance: €19.79 | Level: 0 | Target: €20
2025-06-14 23:44:14,190 - INFO - ✅ Simulated SHORT ENTRY: SELL 0.000186 BTC @ $42,021.18 ($-1.18)
2025-06-14 23:44:14,190 - INFO - ✅ Position opened: SHORT 0.000186 BTC @ €42021.18 (€7.82)
2025-06-14 23:44:14,191 - INFO - ₿ TRADE [ENTRY]: SELL 0.000186 BTC @ €42,021.18 (€7.82)
2025-06-14 23:44:34,139 - INFO - ✅ Simulated LONG ENTRY: BUY 0.000186 BTC @ $42,087.63 ($+1.38)
2025-06-14 23:44:34,140 - INFO - Position closed: SHORT 0.000186 BTC @ $42,087.63
2025-06-14 23:44:34,140 - INFO - 💰 Position closed: -0.01€ | Balance: €19.78 | ML: 29 learned
2025-06-14 23:44:34,141 - INFO - ₿ TRADE [EXIT]: BUY 0.000186 BTC @ €42,087.63 (€7.83) | P&L: €-0.02
2025-06-14 23:44:34,142 - INFO - 💰 Balance: €19.77 | Level: 0 | Target: €20
